<?xml version="1.0" encoding="UTF-8"?>
<robot generator="Robot 3.2.1 (Python 3.8.3 on win32)" generated="20200714 10:38:59.311" rpa="false">
<suite id="s1" name="Tc2" source="C:\Users\jesu.irudhaya.dhasan\PycharmProjects\py1\Testcases\Tc2.robot">
<test id="s1-t1" name="Testcase2">
<kw name="Open Browser" library="SeleniumLibrary">
<doc>Opens a new browser instance to the given ``url``.</doc>
<arguments>
<arg>${url}</arg>
<arg>${browser}</arg>
</arguments>
<msg timestamp="20200714 10:38:59.517" level="INFO">Opening browser 'chrome' to base url 'https://www.myntra.com/'.</msg>
<status status="PASS" starttime="20200714 10:38:59.517" endtime="20200714 10:39:04.445"></status>
</kw>
<kw name="Maximize Browser Window" library="SeleniumLibrary">
<doc>Maximizes current browser window.</doc>
<status status="PASS" starttime="20200714 10:39:04.445" endtime="20200714 10:39:05.591"></status>
</kw>
<kw name="Get Title" library="SeleniumLibrary">
<doc>Returns the title of current page.</doc>
<assign>
<var>${tit1}</var>
</assign>
<msg timestamp="20200714 10:39:05.665" level="INFO">${tit1} = Online Shopping for Women, Men, Kids Fashion &amp; Lifestyle - Myntra</msg>
<status status="PASS" starttime="20200714 10:39:05.592" endtime="20200714 10:39:05.666"></status>
</kw>
<kw name="Wait Until Element Is Enabled" library="SeleniumLibrary">
<doc>Waits until element ``locator`` is enabled.</doc>
<arguments>
<arg>xpath://*[@id="desktop-header-cnt"]/div[2]/div[1]/a</arg>
</arguments>
<assign>
<var>${result}</var>
</assign>
<msg timestamp="20200714 10:39:05.720" level="INFO">${result} = None</msg>
<status status="PASS" starttime="20200714 10:39:05.667" endtime="20200714 10:39:05.720"></status>
</kw>
<kw name="Wait Until Element Is Visible" library="SeleniumLibrary">
<doc>Waits until element ``locator`` is visible.</doc>
<arguments>
<arg>xpath://*[@id="desktop-header-cnt"]/div[2]/div[1]/a</arg>
</arguments>
<status status="PASS" starttime="20200714 10:39:05.720" endtime="20200714 10:39:05.744"></status>
</kw>
<kw name="Title Should Be" library="SeleniumLibrary">
<doc>Verifies that current page title equals ``title``.</doc>
<arguments>
<arg>${tit1}</arg>
</arguments>
<msg timestamp="20200714 10:39:05.748" level="INFO">Page title is 'Online Shopping for Women, Men, Kids Fashion &amp; Lifestyle - Myntra'.</msg>
<status status="PASS" starttime="20200714 10:39:05.744" endtime="20200714 10:39:05.748"></status>
</kw>
<kw name="Log" library="BuiltIn">
<doc>Logs the given message with the given level.</doc>
<arguments>
<arg>${tit1}</arg>
</arguments>
<msg timestamp="20200714 10:39:05.749" level="INFO">Online Shopping for Women, Men, Kids Fashion &amp; Lifestyle - Myntra</msg>
<status status="PASS" starttime="20200714 10:39:05.749" endtime="20200714 10:39:05.750"></status>
</kw>
<kw name="Set Variable" library="BuiltIn">
<doc>Returns the given values which can then be assigned to a variables.</doc>
<arguments>
<arg>xpath://*[@id="desktop-header-cnt"]/div[2]/div[3]/input</arg>
</arguments>
<assign>
<var>${"searchbox"}</var>
</assign>
<msg timestamp="20200714 10:39:05.750" level="INFO">${"searchbox"} = xpath://*[@id="desktop-header-cnt"]/div[2]/div[3]/input</msg>
<status status="PASS" starttime="20200714 10:39:05.750" endtime="20200714 10:39:05.750"></status>
</kw>
<kw name="Element Should Be Visible" library="SeleniumLibrary">
<doc>Verifies that the element identified by ``locator`` is visible.</doc>
<arguments>
<arg>${"searchbox"}</arg>
</arguments>
<msg timestamp="20200714 10:39:05.780" level="INFO">Element 'xpath://*[@id="desktop-header-cnt"]/div[2]/div[3]/input' is displayed.</msg>
<status status="PASS" starttime="20200714 10:39:05.751" endtime="20200714 10:39:05.780"></status>
</kw>
<kw name="Element Should Be Enabled" library="SeleniumLibrary">
<doc>Verifies that element identified with ``locator`` is enabled.</doc>
<arguments>
<arg>${"searchbox"}</arg>
</arguments>
<status status="PASS" starttime="20200714 10:39:05.781" endtime="20200714 10:39:05.803"></status>
</kw>
<kw name="Input Text" library="SeleniumLibrary">
<doc>Types the given ``text`` into text field identified by ``locator``.</doc>
<arguments>
<arg>${"searchbox"}</arg>
<arg>jesu</arg>
</arguments>
<msg timestamp="20200714 10:39:05.804" level="INFO">Typing text 'jesu' into text field 'xpath://*[@id="desktop-header-cnt"]/div[2]/div[3]/input'.</msg>
<status status="PASS" starttime="20200714 10:39:05.804" endtime="20200714 10:39:06.028"></status>
</kw>
<kw name="Sleep" library="BuiltIn">
<doc>Pauses the test executed for the given time.</doc>
<arguments>
<arg>2</arg>
</arguments>
<msg timestamp="20200714 10:39:08.030" level="INFO">Slept 2 seconds</msg>
<status status="PASS" starttime="20200714 10:39:06.030" endtime="20200714 10:39:08.030"></status>
</kw>
<kw name="Double Click Element" library="SeleniumLibrary">
<doc>Double click element identified by ``locator``.</doc>
<arguments>
<arg>${"searchbox"}</arg>
</arguments>
<msg timestamp="20200714 10:39:08.033" level="INFO">Double clicking element 'xpath://*[@id="desktop-header-cnt"]/div[2]/div[3]/input'.</msg>
<status status="PASS" starttime="20200714 10:39:08.032" endtime="20200714 10:39:08.397"></status>
</kw>
<kw name="Input Text" library="SeleniumLibrary">
<doc>Types the given ``text`` into text field identified by ``locator``.</doc>
<arguments>
<arg>${"searchbox"}</arg>
<arg>${SPACE}</arg>
</arguments>
<msg timestamp="20200714 10:39:08.399" level="INFO">Typing text ' ' into text field 'xpath://*[@id="desktop-header-cnt"]/div[2]/div[3]/input'.</msg>
<status status="PASS" starttime="20200714 10:39:08.398" endtime="20200714 10:39:08.491"></status>
</kw>
<kw name="Clear Element Text" library="SeleniumLibrary">
<doc>Clears the value of text entry element identified by ``locator``.</doc>
<arguments>
<arg>${"searchbox"}</arg>
</arguments>
<status status="PASS" starttime="20200714 10:39:08.492" endtime="20200714 10:39:08.523"></status>
</kw>
<kw name="Sleep" library="BuiltIn">
<doc>Pauses the test executed for the given time.</doc>
<arguments>
<arg>5</arg>
</arguments>
<msg timestamp="20200714 10:39:13.524" level="INFO">Slept 5 seconds</msg>
<status status="PASS" starttime="20200714 10:39:08.523" endtime="20200714 10:39:13.524"></status>
</kw>
<kw name="Click Element" library="SeleniumLibrary">
<doc>Click element identified by ``locator``.</doc>
<arguments>
<arg>xpath://*[@id="desktop-header-cnt"]/div[2]/div[2]/div/div[1]</arg>
</arguments>
<msg timestamp="20200714 10:39:13.526" level="INFO">Clicking element 'xpath://*[@id="desktop-header-cnt"]/div[2]/div[2]/div/div[1]'.</msg>
<status status="PASS" starttime="20200714 10:39:13.525" endtime="20200714 10:39:13.622"></status>
</kw>
<kw name="Click Element" library="SeleniumLibrary">
<doc>Click element identified by ``locator``.</doc>
<arguments>
<arg>xpath://*[@id="desktop-header-cnt"]/div[2]/div[2]/div/div[2]/div[2]/div[2]/div[1]</arg>
</arguments>
<msg timestamp="20200714 10:39:13.623" level="INFO">Clicking element 'xpath://*[@id="desktop-header-cnt"]/div[2]/div[2]/div/div[2]/div[2]/div[2]/div[1]'.</msg>
<status status="PASS" starttime="20200714 10:39:13.623" endtime="20200714 10:39:16.218"></status>
</kw>
<kw name="Close Browser" library="SeleniumLibrary">
<doc>Closes the current browser.</doc>
<status status="PASS" starttime="20200714 10:39:16.218" endtime="20200714 10:39:18.489"></status>
</kw>
<status status="PASS" starttime="20200714 10:38:59.516" endtime="20200714 10:39:18.491" critical="yes"></status>
</test>
<status status="PASS" starttime="20200714 10:38:59.313" endtime="20200714 10:39:18.496"></status>
</suite>
<statistics>
<total>
<stat pass="1" fail="0">Critical Tests</stat>
<stat pass="1" fail="0">All Tests</stat>
</total>
<tag>
</tag>
<suite>
<stat pass="1" fail="0" id="s1" name="Tc2">Tc2</stat>
</suite>
</statistics>
<errors>
</errors>
</robot>
